Arguments: 
  /Users/marcin/.asdf/installs/nodejs/9.4.0/bin/node /usr/local/bin/yarn install

PATH: 
  /Users/marcin/.asdf/bin:/Users/marcin/.asdf/shims:/Users/marcin/.asdf/bin:/Users/marcin/.asdf/shims:/usr/local/bin:/usr/bin:/bin:/usr/sbin:/sbin

Yarn version: 
  0.27.5

Node version: 
  9.4.0

Platform: 
  darwin x64

npm manifest: 
  {
    "name": "marcin-dekier",
    "version": "1.0.0",
    "description": "Nuxt.js project",
    "author": "Marcin Dekier <marcin.dekier@appunite.com>",
    "private": true,
    "scripts": {
      "dev": "nuxt",
      "build": "nuxt build",
      "start": "nuxt start",
      "generate": "nuxt generate",
      "lint": "eslint --ext .js,.vue --ignore-path .gitignore .",
      "precommit": "npm run lint"
    },
    "dependencies": {
      "nuxt": "^1.0.0"
    },
    "devDependencies": {
      "babel-eslint": "^8.2.1",
      "eslint": "^4.15.0",
      "eslint-friendly-formatter": "^3.0.0",
      "eslint-loader": "^1.7.1",
      "eslint-plugin-vue": "^4.0.0"
    }
  }

yarn manifest: 
  No manifest

Lockfile: 
  # THIS IS AN AUTOGENERATED FILE. DO NOT EDIT THIS FILE DIRECTLY.
  # yarn lockfile v1

Trace: 
  Error: EACCES: permission denied, unlink '/Users/marcin/Development/marcin-dekier/marcin-dekier/node_modules/.yarn-integrity'
